<?xml version="1.0" encoding="UTF-8"?>
<!-- Generated by org.testng.reporters.JUnitXMLReporter -->
<testsuite hostname="DESKTOP-7JC07T0" ignored="0" name="Default test" tests="6" failures="0" timestamp="10 Sep 2020 10:35:25 GMT" time="15.39" errors="0">
  <testcase name="verifyPageTitleTest" time="0.071" classname="com.qa.blazedemo.test.FlightPageTest"/>
  <testcase name="verifySelectFlightTest" time="0.814" classname="com.qa.blazedemo.test.FlightPageTest"/>
  <testcase name="verifyflightBookingHeaderTextTest" time="0.051" classname="com.qa.blazedemo.test.FlightPageTest"/>
  <testcase name="verifyflightBookingTest" time="1.413" classname="com.qa.blazedemo.test.FlightPageTest"/>
  <testcase name="verifyBookingConfirmationTest" time="0.037" classname="com.qa.blazedemo.test.FlightPageTest"/>
  <testcase name="verifyBookingIdTest" time="0.046" classname="com.qa.blazedemo.test.FlightPageTest"/>
</testsuite> <!-- Default test -->
