<?xml version="1.0" encoding="UTF-8"?>
<!-- Generated by org.testng.reporters.JUnitXMLReporter -->
<testsuite hostname="DESKTOP-7JC07T0" ignored="0" name="Test" tests="9" failures="0" timestamp="10 Sep 2020 10:44:22 GMT" time="35.32" errors="0">
  <testcase name="verifyPageTitleTest" time="0.02" classname="com.qa.blazedemo.test.HomePageTest"/>
  <testcase name="verifyPageTitleTest" time="0.069" classname="com.qa.blazedemo.test.FlightPageTest"/>
  <testcase name="verifyHomePageTitleTest" time="0.035" classname="com.qa.blazedemo.test.HomePageTest"/>
  <testcase name="verifySelectFlightTest" time="1.91" classname="com.qa.blazedemo.test.FlightPageTest"/>
  <testcase name="verifyFindFlightsTest" time="1.368" classname="com.qa.blazedemo.test.HomePageTest"/>
  <testcase name="verifyflightBookingHeaderTextTest" time="0.04" classname="com.qa.blazedemo.test.FlightPageTest"/>
  <testcase name="verifyflightBookingTest" time="1.659" classname="com.qa.blazedemo.test.FlightPageTest"/>
  <testcase name="verifyBookingConfirmationTest" time="0.037" classname="com.qa.blazedemo.test.FlightPageTest"/>
  <testcase name="verifyBookingIdTest" time="0.02" classname="com.qa.blazedemo.test.FlightPageTest"/>
</testsuite> <!-- Test -->
