<?xml version="1.0" encoding="UTF-8"?>
<!-- Generated by org.testng.reporters.JUnitXMLReporter -->
<testsuite hostname="DESKTOP-7JC07T0" ignored="0" name="Test" tests="9" failures="0" timestamp="10 Sep 2020 10:46:00 GMT" time="31.049" errors="0">
  <testcase name="verifyPageTitleTest" time="0.024" classname="com.qa.blazedemo.test.HomePageTest"/>
  <testcase name="verifyPageTitleTest" time="0.076" classname="com.qa.blazedemo.test.FlightPageTest"/>
  <testcase name="verifyHomePageTitleTest" time="0.038" classname="com.qa.blazedemo.test.HomePageTest"/>
  <testcase name="verifySelectFlightTest" time="5.241" classname="com.qa.blazedemo.test.FlightPageTest"/>
  <testcase name="verifyFindFlightsTest" time="1.799" classname="com.qa.blazedemo.test.HomePageTest"/>
  <testcase name="verifyflightBookingHeaderTextTest" time="0.042" classname="com.qa.blazedemo.test.FlightPageTest"/>
  <testcase name="verifyflightBookingTest" time="1.788" classname="com.qa.blazedemo.test.FlightPageTest"/>
  <testcase name="verifyBookingConfirmationTest" time="0.037" classname="com.qa.blazedemo.test.FlightPageTest"/>
  <testcase name="verifyBookingIdTest" time="0.019" classname="com.qa.blazedemo.test.FlightPageTest"/>
</testsuite> <!-- Test -->
