<?xml version="1.0" encoding="UTF-8"?>
<testng-results skipped="0" failed="0" ignored="0" total="9" passed="9">
  <reporter-output>
  </reporter-output>
  <suite name="Blaze Demo Test automation suite" duration-ms="31049" started-at="2020-09-10T10:45:28Z" finished-at="2020-09-10T10:45:59Z">
    <groups>
    </groups>
    <test name="Test" duration-ms="31049" started-at="2020-09-10T10:45:28Z" finished-at="2020-09-10T10:45:59Z">
      <class name="com.qa.blazedemo.test.HomePageTest">
        <test-method status="PASS" signature="verifyPageTitleTest()[pri:1, instance:com.qa.blazedemo.test.HomePageTest@3b2da18f]" name="verifyPageTitleTest" duration-ms="24" started-at="2020-09-10T10:45:48Z" finished-at="2020-09-10T10:45:48Z">
          <reporter-output>
          </reporter-output>
        </test-method> <!-- verifyPageTitleTest -->
        <test-method status="PASS" signature="verifyHomePageTitleTest()[pri:2, instance:com.qa.blazedemo.test.HomePageTest@3b2da18f]" name="verifyHomePageTitleTest" duration-ms="38" started-at="2020-09-10T10:45:48Z" finished-at="2020-09-10T10:45:48Z">
          <reporter-output>
          </reporter-output>
        </test-method> <!-- verifyHomePageTitleTest -->
        <test-method status="PASS" signature="verifyFindFlightsTest()[pri:3, instance:com.qa.blazedemo.test.HomePageTest@3b2da18f]" name="verifyFindFlightsTest" duration-ms="1799" started-at="2020-09-10T10:45:53Z" finished-at="2020-09-10T10:45:55Z">
          <reporter-output>
          </reporter-output>
        </test-method> <!-- verifyFindFlightsTest -->
      </class> <!-- com.qa.blazedemo.test.HomePageTest -->
      <class name="com.qa.blazedemo.test.FlightPageTest">
        <test-method status="PASS" signature="setUp()[pri:0, instance:com.qa.blazedemo.test.FlightPageTest@5906ebcb]" name="setUp" is-config="true" duration-ms="10407" started-at="2020-09-10T10:45:28Z" finished-at="2020-09-10T10:45:39Z">
          <reporter-output>
          </reporter-output>
        </test-method> <!-- setUp -->
        <test-method status="PASS" signature="setUp()[pri:0, instance:com.qa.blazedemo.test.HomePageTest@3b2da18f]" name="setUp" is-config="true" duration-ms="9121" started-at="2020-09-10T10:45:39Z" finished-at="2020-09-10T10:45:48Z">
          <reporter-output>
          </reporter-output>
        </test-method> <!-- setUp -->
        <test-method status="PASS" signature="verifyPageTitleTest()[pri:1, instance:com.qa.blazedemo.test.FlightPageTest@5906ebcb]" name="verifyPageTitleTest" duration-ms="76" started-at="2020-09-10T10:45:48Z" finished-at="2020-09-10T10:45:48Z">
          <reporter-output>
          </reporter-output>
        </test-method> <!-- verifyPageTitleTest -->
        <test-method status="PASS" signature="verifySelectFlightTest()[pri:2, instance:com.qa.blazedemo.test.FlightPageTest@5906ebcb]" name="verifySelectFlightTest" duration-ms="5241" started-at="2020-09-10T10:45:48Z" finished-at="2020-09-10T10:45:53Z">
          <reporter-output>
          </reporter-output>
        </test-method> <!-- verifySelectFlightTest -->
        <test-method status="PASS" signature="verifyflightBookingHeaderTextTest()[pri:3, instance:com.qa.blazedemo.test.FlightPageTest@5906ebcb]" name="verifyflightBookingHeaderTextTest" duration-ms="42" started-at="2020-09-10T10:45:55Z" finished-at="2020-09-10T10:45:55Z">
          <reporter-output>
          </reporter-output>
        </test-method> <!-- verifyflightBookingHeaderTextTest -->
        <test-method status="PASS" signature="verifyflightBookingTest(java.lang.String, java.lang.String, java.lang.String, java.lang.String, java.lang.String, java.lang.String, java.lang.String, java.lang.String, java.lang.String, java.lang.String)[pri:4, instance:com.qa.blazedemo.test.FlightPageTest@5906ebcb]" name="verifyflightBookingTest" duration-ms="1788" started-at="2020-09-10T10:45:56Z" data-provider="getBookingTestData" finished-at="2020-09-10T10:45:58Z">
          <params>
            <param index="0">
              <value>
                <![CDATA[Steve]]>
              </value>
            </param>
            <param index="1">
              <value>
                <![CDATA[Vastern Road]]>
              </value>
            </param>
            <param index="2">
              <value>
                <![CDATA[London]]>
              </value>
            </param>
            <param index="3">
              <value>
                <![CDATA[UK]]>
              </value>
            </param>
            <param index="4">
              <value>
                <![CDATA[RG14SW]]>
              </value>
            </param>
            <param index="5">
              <value>
                <![CDATA[amex]]>
              </value>
            </param>
            <param index="6">
              <value>
                <![CDATA[123456.0]]>
              </value>
            </param>
            <param index="7">
              <value>
                <![CDATA[10.0]]>
              </value>
            </param>
            <param index="8">
              <value>
                <![CDATA[2020.0]]>
              </value>
            </param>
            <param index="9">
              <value>
                <![CDATA[Steve R]]>
              </value>
            </param>
          </params>
          <reporter-output>
          </reporter-output>
        </test-method> <!-- verifyflightBookingTest -->
        <test-method status="PASS" signature="verifyBookingConfirmationTest()[pri:5, instance:com.qa.blazedemo.test.FlightPageTest@5906ebcb]" name="verifyBookingConfirmationTest" duration-ms="37" started-at="2020-09-10T10:45:58Z" finished-at="2020-09-10T10:45:58Z">
          <reporter-output>
          </reporter-output>
        </test-method> <!-- verifyBookingConfirmationTest -->
        <test-method status="PASS" signature="verifyBookingIdTest()[pri:6, instance:com.qa.blazedemo.test.FlightPageTest@5906ebcb]" name="verifyBookingIdTest" duration-ms="19" started-at="2020-09-10T10:45:58Z" finished-at="2020-09-10T10:45:58Z">
          <reporter-output>
          </reporter-output>
        </test-method> <!-- verifyBookingIdTest -->
        <test-method status="PASS" signature="tearDown()[pri:0, instance:com.qa.blazedemo.test.FlightPageTest@5906ebcb]" name="tearDown" is-config="true" duration-ms="863" started-at="2020-09-10T10:45:58Z" finished-at="2020-09-10T10:45:58Z">
          <reporter-output>
          </reporter-output>
        </test-method> <!-- tearDown -->
        <test-method status="PASS" signature="tearDown()[pri:0, instance:com.qa.blazedemo.test.HomePageTest@3b2da18f]" name="tearDown" is-config="true" duration-ms="988" started-at="2020-09-10T10:45:58Z" finished-at="2020-09-10T10:45:59Z">
          <reporter-output>
          </reporter-output>
        </test-method> <!-- tearDown -->
      </class> <!-- com.qa.blazedemo.test.FlightPageTest -->
    </test> <!-- Test -->
  </suite> <!-- Blaze Demo Test automation suite -->
</testng-results>
